{"/Users/rory/IdeaProjects/tolo/packages/tolo-device-fingerprint/src/fingerprint.ts": {"path":"/Users/rory/IdeaProjects/tolo/packages/tolo-device-fingerprint/src/fingerprint.ts","all":false,"statementMap":{"0":{"start":{"line":1,"column":0},"end":{"line":1,"column":84}},"1":{"start":{"line":2,"column":0},"end":{"line":2,"column":32}},"2":{"start":{"line":3,"column":0},"end":{"line":3,"column":8}},"3":{"start":{"line":4,"column":0},"end":{"line":4,"column":23}},"4":{"start":{"line":5,"column":0},"end":{"line":5,"column":25}},"5":{"start":{"line":6,"column":0},"end":{"line":6,"column":23}},"6":{"start":{"line":7,"column":0},"end":{"line":7,"column":27}},"7":{"start":{"line":8,"column":0},"end":{"line":8,"column":22}},"8":{"start":{"line":9,"column":0},"end":{"line":9,"column":26}},"9":{"start":{"line":10,"column":0},"end":{"line":10,"column":26}},"10":{"start":{"line":11,"column":0},"end":{"line":11,"column":24}},"11":{"start":{"line":12,"column":0},"end":{"line":12,"column":22}},"12":{"start":{"line":13,"column":0},"end":{"line":13,"column":0}},"13":{"start":{"line":14,"column":0},"end":{"line":14,"column":24}},"14":{"start":{"line":15,"column":0},"end":{"line":15,"column":0}},"15":{"start":{"line":16,"column":0},"end":{"line":16,"column":3}},"16":{"start":{"line":17,"column":0},"end":{"line":17,"column":30}},"17":{"start":{"line":18,"column":0},"end":{"line":18,"column":3}},"18":{"start":{"line":19,"column":0},"end":{"line":19,"column":54}},"19":{"start":{"line":20,"column":0},"end":{"line":20,"column":15}},"20":{"start":{"line":21,"column":0},"end":{"line":21,"column":14}},"21":{"start":{"line":22,"column":0},"end":{"line":22,"column":14}},"22":{"start":{"line":23,"column":0},"end":{"line":23,"column":14}},"23":{"start":{"line":24,"column":0},"end":{"line":24,"column":16}},"24":{"start":{"line":25,"column":0},"end":{"line":25,"column":2}},"25":{"start":{"line":26,"column":0},"end":{"line":26,"column":0}},"26":{"start":{"line":27,"column":0},"end":{"line":27,"column":3}},"27":{"start":{"line":28,"column":0},"end":{"line":28,"column":32}},"28":{"start":{"line":29,"column":0},"end":{"line":29,"column":3}},"29":{"start":{"line":30,"column":0},"end":{"line":30,"column":37}},"30":{"start":{"line":31,"column":0},"end":{"line":31,"column":34}},"31":{"start":{"line":32,"column":0},"end":{"line":32,"column":31}},"32":{"start":{"line":33,"column":0},"end":{"line":33,"column":49}},"33":{"start":{"line":34,"column":0},"end":{"line":34,"column":0}},"34":{"start":{"line":35,"column":0},"end":{"line":35,"column":24}},"35":{"start":{"line":36,"column":0},"end":{"line":36,"column":47}},"36":{"start":{"line":37,"column":0},"end":{"line":37,"column":51}},"37":{"start":{"line":38,"column":0},"end":{"line":38,"column":47}},"38":{"start":{"line":39,"column":0},"end":{"line":39,"column":49}},"39":{"start":{"line":40,"column":0},"end":{"line":40,"column":93}},"40":{"start":{"line":41,"column":0},"end":{"line":41,"column":0}},"41":{"start":{"line":42,"column":0},"end":{"line":42,"column":21}},"42":{"start":{"line":43,"column":0},"end":{"line":43,"column":52}},"43":{"start":{"line":44,"column":0},"end":{"line":44,"column":86}},"44":{"start":{"line":45,"column":0},"end":{"line":45,"column":79}},"45":{"start":{"line":46,"column":0},"end":{"line":46,"column":84}},"46":{"start":{"line":47,"column":0},"end":{"line":47,"column":5}},"47":{"start":{"line":48,"column":0},"end":{"line":48,"column":0}},"48":{"start":{"line":49,"column":0},"end":{"line":49,"column":34}},"49":{"start":{"line":50,"column":0},"end":{"line":50,"column":21}},"50":{"start":{"line":51,"column":0},"end":{"line":51,"column":21}},"51":{"start":{"line":52,"column":0},"end":{"line":52,"column":23}},"52":{"start":{"line":53,"column":0},"end":{"line":53,"column":22}},"53":{"start":{"line":54,"column":0},"end":{"line":54,"column":11}},"54":{"start":{"line":55,"column":0},"end":{"line":55,"column":37}},"55":{"start":{"line":56,"column":0},"end":{"line":56,"column":41}},"56":{"start":{"line":57,"column":0},"end":{"line":57,"column":28}},"57":{"start":{"line":58,"column":0},"end":{"line":58,"column":21}},"58":{"start":{"line":59,"column":0},"end":{"line":59,"column":4}},"59":{"start":{"line":60,"column":0},"end":{"line":60,"column":0}},"60":{"start":{"line":61,"column":0},"end":{"line":61,"column":47}},"61":{"start":{"line":62,"column":0},"end":{"line":62,"column":25}},"62":{"start":{"line":63,"column":0},"end":{"line":63,"column":29}},"63":{"start":{"line":64,"column":0},"end":{"line":64,"column":23}},"64":{"start":{"line":65,"column":0},"end":{"line":65,"column":23}},"65":{"start":{"line":66,"column":0},"end":{"line":66,"column":21}},"66":{"start":{"line":67,"column":0},"end":{"line":67,"column":21}},"67":{"start":{"line":68,"column":0},"end":{"line":68,"column":32}},"68":{"start":{"line":69,"column":0},"end":{"line":69,"column":25}},"69":{"start":{"line":70,"column":0},"end":{"line":70,"column":19}},"70":{"start":{"line":71,"column":0},"end":{"line":71,"column":24}},"71":{"start":{"line":72,"column":0},"end":{"line":72,"column":26}},"72":{"start":{"line":73,"column":0},"end":{"line":73,"column":29}},"73":{"start":{"line":74,"column":0},"end":{"line":74,"column":22}},"74":{"start":{"line":75,"column":0},"end":{"line":75,"column":3}},"75":{"start":{"line":76,"column":0},"end":{"line":76,"column":20}},"76":{"start":{"line":77,"column":0},"end":{"line":77,"column":15}},"77":{"start":{"line":78,"column":0},"end":{"line":78,"column":0}},"78":{"start":{"line":79,"column":0},"end":{"line":79,"column":47}},"79":{"start":{"line":80,"column":0},"end":{"line":80,"column":0}},"80":{"start":{"line":81,"column":0},"end":{"line":81,"column":64}},"81":{"start":{"line":82,"column":0},"end":{"line":82,"column":26}},"82":{"start":{"line":83,"column":0},"end":{"line":83,"column":28}},"83":{"start":{"line":84,"column":0},"end":{"line":84,"column":19}},"84":{"start":{"line":85,"column":0},"end":{"line":85,"column":24}},"85":{"start":{"line":86,"column":0},"end":{"line":86,"column":26}},"86":{"start":{"line":87,"column":0},"end":{"line":87,"column":29}},"87":{"start":{"line":88,"column":0},"end":{"line":88,"column":22}},"88":{"start":{"line":89,"column":0},"end":{"line":89,"column":29}},"89":{"start":{"line":90,"column":0},"end":{"line":90,"column":23}},"90":{"start":{"line":91,"column":0},"end":{"line":91,"column":21}},"91":{"start":{"line":92,"column":0},"end":{"line":92,"column":32}},"92":{"start":{"line":93,"column":0},"end":{"line":93,"column":21}},"93":{"start":{"line":94,"column":0},"end":{"line":94,"column":21}},"94":{"start":{"line":95,"column":0},"end":{"line":95,"column":22}},"95":{"start":{"line":96,"column":0},"end":{"line":96,"column":27}},"96":{"start":{"line":97,"column":0},"end":{"line":97,"column":0}},"97":{"start":{"line":98,"column":0},"end":{"line":98,"column":53}},"98":{"start":{"line":99,"column":0},"end":{"line":99,"column":0}},"99":{"start":{"line":100,"column":0},"end":{"line":100,"column":10}},"100":{"start":{"line":101,"column":0},"end":{"line":101,"column":13}},"101":{"start":{"line":102,"column":0},"end":{"line":102,"column":15}},"102":{"start":{"line":103,"column":0},"end":{"line":103,"column":12}},"103":{"start":{"line":104,"column":0},"end":{"line":104,"column":26}},"104":{"start":{"line":105,"column":0},"end":{"line":105,"column":21}},"105":{"start":{"line":106,"column":0},"end":{"line":106,"column":4}},"106":{"start":{"line":107,"column":0},"end":{"line":107,"column":1}},"107":{"start":{"line":108,"column":0},"end":{"line":108,"column":0}},"108":{"start":{"line":109,"column":0},"end":{"line":109,"column":3}},"109":{"start":{"line":110,"column":0},"end":{"line":110,"column":53}},"110":{"start":{"line":111,"column":0},"end":{"line":111,"column":3}},"111":{"start":{"line":112,"column":0},"end":{"line":112,"column":86}},"112":{"start":{"line":113,"column":0},"end":{"line":113,"column":52}},"113":{"start":{"line":114,"column":0},"end":{"line":114,"column":30}},"114":{"start":{"line":115,"column":0},"end":{"line":115,"column":1}}},"s":{"0":1,"1":1,"2":1,"3":1,"4":1,"5":1,"6":1,"7":1,"8":1,"9":1,"10":1,"11":1,"12":1,"13":1,"14":1,"15":1,"16":1,"17":1,"18":1,"19":1,"20":1,"21":1,"22":1,"23":1,"24":1,"25":1,"26":1,"27":1,"28":1,"29":42,"30":42,"31":42,"32":42,"33":42,"34":42,"35":42,"36":42,"37":42,"38":42,"39":42,"40":42,"41":42,"42":42,"43":42,"44":42,"45":42,"46":42,"47":42,"48":42,"49":42,"50":42,"51":42,"52":42,"53":42,"54":42,"55":42,"56":42,"57":42,"58":42,"59":42,"60":42,"61":42,"62":42,"63":42,"64":42,"65":42,"66":42,"67":42,"68":42,"69":42,"70":42,"71":42,"72":42,"73":42,"74":42,"75":42,"76":42,"77":42,"78":42,"79":42,"80":42,"81":42,"82":42,"83":42,"84":42,"85":42,"86":42,"87":42,"88":42,"89":42,"90":42,"91":42,"92":42,"93":42,"94":42,"95":42,"96":42,"97":42,"98":42,"99":42,"100":42,"101":42,"102":42,"103":42,"104":42,"105":42,"106":42,"107":1,"108":1,"109":1,"110":1,"111":7,"112":7,"113":7,"114":7},"branchMap":{"0":{"type":"branch","line":30,"loc":{"start":{"line":30,"column":0},"end":{"line":107,"column":1}},"locations":[{"start":{"line":30,"column":0},"end":{"line":107,"column":1}}]},"1":{"type":"branch","line":40,"loc":{"start":{"line":40,"column":28},"end":{"line":40,"column":60}},"locations":[{"start":{"line":40,"column":28},"end":{"line":40,"column":60}}]},"2":{"type":"branch","line":40,"loc":{"start":{"line":40,"column":56},"end":{"line":40,"column":93}},"locations":[{"start":{"line":40,"column":56},"end":{"line":40,"column":93}}]},"3":{"type":"branch","line":44,"loc":{"start":{"line":44,"column":9},"end":{"line":44,"column":64}},"locations":[{"start":{"line":44,"column":9},"end":{"line":44,"column":64}}]},"4":{"type":"branch","line":44,"loc":{"start":{"line":44,"column":60},"end":{"line":44,"column":86}},"locations":[{"start":{"line":44,"column":60},"end":{"line":44,"column":86}}]},"5":{"type":"branch","line":45,"loc":{"start":{"line":45,"column":9},"end":{"line":45,"column":57}},"locations":[{"start":{"line":45,"column":9},"end":{"line":45,"column":57}}]},"6":{"type":"branch","line":45,"loc":{"start":{"line":45,"column":53},"end":{"line":45,"column":79}},"locations":[{"start":{"line":45,"column":53},"end":{"line":45,"column":79}}]},"7":{"type":"branch","line":46,"loc":{"start":{"line":46,"column":9},"end":{"line":46,"column":62}},"locations":[{"start":{"line":46,"column":9},"end":{"line":46,"column":62}}]},"8":{"type":"branch","line":46,"loc":{"start":{"line":46,"column":58},"end":{"line":46,"column":84}},"locations":[{"start":{"line":46,"column":58},"end":{"line":46,"column":84}}]},"9":{"type":"branch","line":112,"loc":{"start":{"line":112,"column":0},"end":{"line":115,"column":1}},"locations":[{"start":{"line":112,"column":0},"end":{"line":115,"column":1}}]}},"b":{"0":[42],"1":[39],"2":[3],"3":[38],"4":[4],"5":[38],"6":[4],"7":[39],"8":[3],"9":[7]},"fnMap":{"0":{"name":"getFingerprint","decl":{"start":{"line":30,"column":0},"end":{"line":107,"column":1}},"loc":{"start":{"line":30,"column":0},"end":{"line":107,"column":1}},"line":30},"1":{"name":"getDeviceId","decl":{"start":{"line":112,"column":0},"end":{"line":115,"column":1}},"loc":{"start":{"line":112,"column":0},"end":{"line":115,"column":1}},"line":112}},"f":{"0":42,"1":7}}
,"/Users/rory/IdeaProjects/tolo/packages/tolo-device-fingerprint/src/hash.ts": {"path":"/Users/rory/IdeaProjects/tolo/packages/tolo-device-fingerprint/src/hash.ts","all":false,"statementMap":{"0":{"start":{"line":1,"column":0},"end":{"line":1,"column":3}},"1":{"start":{"line":2,"column":0},"end":{"line":2,"column":50}},"2":{"start":{"line":3,"column":0},"end":{"line":3,"column":66}},"3":{"start":{"line":4,"column":0},"end":{"line":4,"column":3}},"4":{"start":{"line":5,"column":0},"end":{"line":5,"column":43}},"5":{"start":{"line":6,"column":0},"end":{"line":6,"column":22}},"6":{"start":{"line":7,"column":0},"end":{"line":7,"column":22}},"7":{"start":{"line":8,"column":0},"end":{"line":8,"column":0}},"8":{"start":{"line":9,"column":0},"end":{"line":9,"column":40}},"9":{"start":{"line":10,"column":0},"end":{"line":10,"column":33}},"10":{"start":{"line":11,"column":0},"end":{"line":11,"column":40}},"11":{"start":{"line":12,"column":0},"end":{"line":12,"column":40}},"12":{"start":{"line":13,"column":0},"end":{"line":13,"column":3}},"13":{"start":{"line":14,"column":0},"end":{"line":14,"column":0}},"14":{"start":{"line":15,"column":0},"end":{"line":15,"column":47}},"15":{"start":{"line":16,"column":0},"end":{"line":16,"column":48}},"16":{"start":{"line":17,"column":0},"end":{"line":17,"column":47}},"17":{"start":{"line":18,"column":0},"end":{"line":18,"column":48}},"18":{"start":{"line":19,"column":0},"end":{"line":19,"column":0}},"19":{"start":{"line":20,"column":0},"end":{"line":20,"column":58}},"20":{"start":{"line":21,"column":0},"end":{"line":21,"column":29}},"21":{"start":{"line":22,"column":0},"end":{"line":22,"column":1}},"22":{"start":{"line":23,"column":0},"end":{"line":23,"column":0}},"23":{"start":{"line":24,"column":0},"end":{"line":24,"column":3}},"24":{"start":{"line":25,"column":0},"end":{"line":25,"column":57}},"25":{"start":{"line":26,"column":0},"end":{"line":26,"column":3}},"26":{"start":{"line":27,"column":0},"end":{"line":27,"column":60}},"27":{"start":{"line":28,"column":0},"end":{"line":28,"column":36}},"28":{"start":{"line":29,"column":0},"end":{"line":29,"column":35}},"29":{"start":{"line":30,"column":0},"end":{"line":30,"column":65}},"30":{"start":{"line":31,"column":0},"end":{"line":31,"column":59}},"31":{"start":{"line":32,"column":0},"end":{"line":32,"column":72}},"32":{"start":{"line":33,"column":0},"end":{"line":33,"column":1}}},"s":{"0":1,"1":1,"2":1,"3":1,"4":1,"5":162,"6":162,"7":162,"8":162,"9":19629,"10":19629,"11":19629,"12":19629,"13":162,"14":162,"15":162,"16":162,"17":162,"18":162,"19":162,"20":162,"21":162,"22":1,"23":1,"24":1,"25":1,"26":51,"27":51,"28":51,"29":51,"30":51,"31":51,"32":51},"branchMap":{"0":{"type":"branch","line":5,"loc":{"start":{"line":5,"column":7},"end":{"line":22,"column":1}},"locations":[{"start":{"line":5,"column":7},"end":{"line":22,"column":1}}]},"1":{"type":"branch","line":9,"loc":{"start":{"line":9,"column":39},"end":{"line":13,"column":3}},"locations":[{"start":{"line":9,"column":39},"end":{"line":13,"column":3}}]},"2":{"type":"branch","line":27,"loc":{"start":{"line":27,"column":0},"end":{"line":33,"column":1}},"locations":[{"start":{"line":27,"column":0},"end":{"line":33,"column":1}}]},"3":{"type":"branch","line":32,"loc":{"start":{"line":32,"column":23},"end":{"line":32,"column":61}},"locations":[{"start":{"line":32,"column":23},"end":{"line":32,"column":61}}]}},"b":{"0":[162],"1":[19629],"2":[51],"3":[1632]},"fnMap":{"0":{"name":"hash","decl":{"start":{"line":5,"column":7},"end":{"line":22,"column":1}},"loc":{"start":{"line":5,"column":7},"end":{"line":22,"column":1}},"line":5},"1":{"name":"sha256","decl":{"start":{"line":27,"column":0},"end":{"line":33,"column":1}},"loc":{"start":{"line":27,"column":0},"end":{"line":33,"column":1}},"line":27}},"f":{"0":162,"1":51}}
,"/Users/rory/IdeaProjects/tolo/packages/tolo-device-fingerprint/src/index.ts": {"path":"/Users/rory/IdeaProjects/tolo/packages/tolo-device-fingerprint/src/index.ts","all":false,"statementMap":{"0":{"start":{"line":1,"column":0},"end":{"line":1,"column":3}},"1":{"start":{"line":2,"column":0},"end":{"line":2,"column":27}},"2":{"start":{"line":3,"column":0},"end":{"line":3,"column":2}},"3":{"start":{"line":4,"column":0},"end":{"line":4,"column":59}},"4":{"start":{"line":5,"column":0},"end":{"line":5,"column":67}},"5":{"start":{"line":6,"column":0},"end":{"line":6,"column":2}},"6":{"start":{"line":7,"column":0},"end":{"line":7,"column":11}},"7":{"start":{"line":8,"column":0},"end":{"line":8,"column":16}},"8":{"start":{"line":9,"column":0},"end":{"line":9,"column":74}},"9":{"start":{"line":10,"column":0},"end":{"line":10,"column":2}},"10":{"start":{"line":11,"column":0},"end":{"line":11,"column":43}},"11":{"start":{"line":12,"column":0},"end":{"line":12,"column":46}},"12":{"start":{"line":13,"column":0},"end":{"line":13,"column":37}},"13":{"start":{"line":14,"column":0},"end":{"line":14,"column":36}},"14":{"start":{"line":15,"column":0},"end":{"line":15,"column":2}},"15":{"start":{"line":16,"column":0},"end":{"line":16,"column":28}},"16":{"start":{"line":17,"column":0},"end":{"line":17,"column":40}},"17":{"start":{"line":18,"column":0},"end":{"line":18,"column":6}},"18":{"start":{"line":19,"column":0},"end":{"line":19,"column":3}},"19":{"start":{"line":20,"column":0},"end":{"line":20,"column":0}},"20":{"start":{"line":21,"column":0},"end":{"line":21,"column":60}},"21":{"start":{"line":22,"column":0},"end":{"line":22,"column":84}}},"s":{"0":1,"1":1,"2":1,"3":1,"4":1,"5":1,"6":1,"7":1,"8":1,"9":1,"10":1,"11":1,"12":1,"13":1,"14":1,"15":1,"16":1,"17":1,"18":1,"19":1,"20":1,"21":1},"branchMap":{},"b":{},"fnMap":{},"f":{}}
,"/Users/rory/IdeaProjects/tolo/packages/tolo-device-fingerprint/src/collectors/audio.ts": {"path":"/Users/rory/IdeaProjects/tolo/packages/tolo-device-fingerprint/src/collectors/audio.ts","all":false,"statementMap":{"0":{"start":{"line":1,"column":0},"end":{"line":1,"column":31}},"1":{"start":{"line":2,"column":0},"end":{"line":2,"column":0}},"2":{"start":{"line":3,"column":0},"end":{"line":3,"column":3}},"3":{"start":{"line":4,"column":0},"end":{"line":4,"column":51}},"4":{"start":{"line":5,"column":0},"end":{"line":5,"column":72}},"5":{"start":{"line":6,"column":0},"end":{"line":6,"column":3}},"6":{"start":{"line":7,"column":0},"end":{"line":7,"column":95}},"7":{"start":{"line":8,"column":0},"end":{"line":8,"column":7}},"8":{"start":{"line":9,"column":0},"end":{"line":9,"column":140}},"9":{"start":{"line":10,"column":0},"end":{"line":10,"column":35}},"10":{"start":{"line":11,"column":0},"end":{"line":11,"column":0}},"11":{"start":{"line":12,"column":0},"end":{"line":12,"column":39}},"12":{"start":{"line":13,"column":0},"end":{"line":13,"column":50}},"13":{"start":{"line":14,"column":0},"end":{"line":14,"column":46}},"14":{"start":{"line":15,"column":0},"end":{"line":15,"column":38}},"15":{"start":{"line":16,"column":0},"end":{"line":16,"column":58}},"16":{"start":{"line":17,"column":0},"end":{"line":17,"column":0}},"17":{"start":{"line":18,"column":0},"end":{"line":18,"column":22}},"18":{"start":{"line":19,"column":0},"end":{"line":19,"column":33}},"19":{"start":{"line":20,"column":0},"end":{"line":20,"column":68}},"20":{"start":{"line":21,"column":0},"end":{"line":21,"column":0}},"21":{"start":{"line":22,"column":0},"end":{"line":22,"column":66}},"22":{"start":{"line":23,"column":0},"end":{"line":23,"column":60}},"23":{"start":{"line":24,"column":0},"end":{"line":24,"column":61}},"24":{"start":{"line":25,"column":0},"end":{"line":25,"column":61}},"25":{"start":{"line":26,"column":0},"end":{"line":26,"column":65}},"26":{"start":{"line":27,"column":0},"end":{"line":27,"column":0}},"27":{"start":{"line":28,"column":0},"end":{"line":28,"column":68}},"28":{"start":{"line":29,"column":0},"end":{"line":29,"column":0}},"29":{"start":{"line":30,"column":0},"end":{"line":30,"column":75}},"30":{"start":{"line":31,"column":0},"end":{"line":31,"column":35}},"31":{"start":{"line":32,"column":0},"end":{"line":32,"column":33}},"32":{"start":{"line":33,"column":0},"end":{"line":33,"column":27}},"33":{"start":{"line":34,"column":0},"end":{"line":34,"column":38}},"34":{"start":{"line":35,"column":0},"end":{"line":35,"column":0}},"35":{"start":{"line":36,"column":0},"end":{"line":36,"column":24}},"36":{"start":{"line":37,"column":0},"end":{"line":37,"column":0}},"37":{"start":{"line":38,"column":0},"end":{"line":38,"column":32}},"38":{"start":{"line":39,"column":0},"end":{"line":39,"column":80}},"39":{"start":{"line":40,"column":0},"end":{"line":40,"column":0}},"40":{"start":{"line":41,"column":0},"end":{"line":41,"column":71}},"41":{"start":{"line":42,"column":0},"end":{"line":42,"column":50}},"42":{"start":{"line":43,"column":0},"end":{"line":43,"column":0}},"43":{"start":{"line":44,"column":0},"end":{"line":44,"column":22}},"44":{"start":{"line":45,"column":0},"end":{"line":45,"column":26}},"45":{"start":{"line":46,"column":0},"end":{"line":46,"column":0}},"46":{"start":{"line":47,"column":0},"end":{"line":47,"column":30}},"47":{"start":{"line":48,"column":0},"end":{"line":48,"column":60}},"48":{"start":{"line":49,"column":0},"end":{"line":49,"column":28}},"49":{"start":{"line":50,"column":0},"end":{"line":50,"column":11}},"50":{"start":{"line":51,"column":0},"end":{"line":51,"column":16}},"51":{"start":{"line":52,"column":0},"end":{"line":52,"column":3}},"52":{"start":{"line":53,"column":0},"end":{"line":53,"column":1}}},"s":{"0":1,"1":1,"2":1,"3":1,"4":1,"5":1,"6":54,"7":54,"8":54,"9":54,"10":53,"11":53,"12":53,"13":53,"14":53,"15":53,"16":53,"17":53,"18":53,"19":53,"20":53,"21":53,"22":53,"23":53,"24":53,"25":53,"26":53,"27":53,"28":53,"29":53,"30":53,"31":53,"32":53,"33":53,"34":53,"35":53,"36":53,"37":53,"38":53,"39":52,"40":52,"41":52,"42":52,"43":52,"44":52,"45":52,"46":52,"47":52,"48":52,"49":54,"50":1,"51":1,"52":54},"branchMap":{"0":{"type":"branch","line":7,"loc":{"start":{"line":7,"column":0},"end":{"line":53,"column":1}},"locations":[{"start":{"line":7,"column":0},"end":{"line":53,"column":1}}]},"1":{"type":"branch","line":9,"loc":{"start":{"line":9,"column":32},"end":{"line":9,"column":140}},"locations":[{"start":{"line":9,"column":32},"end":{"line":9,"column":140}}]},"2":{"type":"branch","line":10,"loc":{"start":{"line":10,"column":23},"end":{"line":10,"column":35}},"locations":[{"start":{"line":10,"column":23},"end":{"line":10,"column":35}}]},"3":{"type":"branch","line":10,"loc":{"start":{"line":10,"column":30},"end":{"line":39,"column":80}},"locations":[{"start":{"line":10,"column":30},"end":{"line":39,"column":80}}]},"4":{"type":"branch","line":39,"loc":{"start":{"line":39,"column":78},"end":{"line":50,"column":10}},"locations":[{"start":{"line":39,"column":78},"end":{"line":50,"column":10}}]},"5":{"type":"branch","line":50,"loc":{"start":{"line":50,"column":2},"end":{"line":52,"column":3}},"locations":[{"start":{"line":50,"column":2},"end":{"line":52,"column":3}}]},"6":{"type":"branch","line":39,"loc":{"start":{"line":39,"column":22},"end":{"line":39,"column":78}},"locations":[{"start":{"line":39,"column":22},"end":{"line":39,"column":78}}]}},"b":{"0":[54],"1":[2],"2":[1],"3":[53],"4":[52],"5":[1],"6":[52]},"fnMap":{"0":{"name":"collectAudioFingerprint","decl":{"start":{"line":7,"column":0},"end":{"line":53,"column":1}},"loc":{"start":{"line":7,"column":0},"end":{"line":53,"column":1}},"line":7}},"f":{"0":54}}
,"/Users/rory/IdeaProjects/tolo/packages/tolo-device-fingerprint/src/collectors/canvas.ts": {"path":"/Users/rory/IdeaProjects/tolo/packages/tolo-device-fingerprint/src/collectors/canvas.ts","all":false,"statementMap":{"0":{"start":{"line":1,"column":0},"end":{"line":1,"column":31}},"1":{"start":{"line":2,"column":0},"end":{"line":2,"column":0}},"2":{"start":{"line":3,"column":0},"end":{"line":3,"column":3}},"3":{"start":{"line":4,"column":0},"end":{"line":4,"column":32}},"4":{"start":{"line":5,"column":0},"end":{"line":5,"column":62}},"5":{"start":{"line":6,"column":0},"end":{"line":6,"column":3}},"6":{"start":{"line":7,"column":0},"end":{"line":7,"column":59}},"7":{"start":{"line":8,"column":0},"end":{"line":8,"column":7}},"8":{"start":{"line":9,"column":0},"end":{"line":9,"column":52}},"9":{"start":{"line":10,"column":0},"end":{"line":10,"column":40}},"10":{"start":{"line":11,"column":0},"end":{"line":11,"column":26}},"11":{"start":{"line":12,"column":0},"end":{"line":12,"column":0}},"12":{"start":{"line":13,"column":0},"end":{"line":13,"column":23}},"13":{"start":{"line":14,"column":0},"end":{"line":14,"column":23}},"14":{"start":{"line":15,"column":0},"end":{"line":15,"column":0}},"15":{"start":{"line":16,"column":0},"end":{"line":16,"column":17}},"16":{"start":{"line":17,"column":0},"end":{"line":17,"column":30}},"17":{"start":{"line":18,"column":0},"end":{"line":18,"column":52}},"18":{"start":{"line":19,"column":0},"end":{"line":19,"column":0}},"19":{"start":{"line":20,"column":0},"end":{"line":20,"column":31}},"20":{"start":{"line":21,"column":0},"end":{"line":21,"column":36}},"21":{"start":{"line":22,"column":0},"end":{"line":22,"column":27}},"22":{"start":{"line":23,"column":0},"end":{"line":23,"column":30}},"23":{"start":{"line":24,"column":0},"end":{"line":24,"column":47}},"24":{"start":{"line":25,"column":0},"end":{"line":25,"column":0}},"25":{"start":{"line":26,"column":0},"end":{"line":26,"column":45}},"26":{"start":{"line":27,"column":0},"end":{"line":27,"column":40}},"27":{"start":{"line":28,"column":0},"end":{"line":28,"column":39}},"28":{"start":{"line":29,"column":0},"end":{"line":29,"column":0}},"29":{"start":{"line":30,"column":0},"end":{"line":30,"column":23}},"30":{"start":{"line":31,"column":0},"end":{"line":31,"column":20}},"31":{"start":{"line":32,"column":0},"end":{"line":32,"column":46}},"32":{"start":{"line":33,"column":0},"end":{"line":33,"column":20}},"33":{"start":{"line":34,"column":0},"end":{"line":34,"column":43}},"34":{"start":{"line":35,"column":0},"end":{"line":35,"column":15}},"35":{"start":{"line":36,"column":0},"end":{"line":36,"column":0}},"36":{"start":{"line":37,"column":0},"end":{"line":37,"column":15}},"37":{"start":{"line":38,"column":0},"end":{"line":38,"column":62}},"38":{"start":{"line":39,"column":0},"end":{"line":39,"column":37}},"39":{"start":{"line":40,"column":0},"end":{"line":40,"column":38}},"40":{"start":{"line":41,"column":0},"end":{"line":41,"column":29}},"41":{"start":{"line":42,"column":0},"end":{"line":42,"column":34}},"42":{"start":{"line":43,"column":0},"end":{"line":43,"column":0}},"43":{"start":{"line":44,"column":0},"end":{"line":44,"column":33}},"44":{"start":{"line":45,"column":0},"end":{"line":45,"column":52}},"45":{"start":{"line":46,"column":0},"end":{"line":46,"column":27}},"46":{"start":{"line":47,"column":0},"end":{"line":47,"column":11}},"47":{"start":{"line":48,"column":0},"end":{"line":48,"column":16}},"48":{"start":{"line":49,"column":0},"end":{"line":49,"column":3}},"49":{"start":{"line":50,"column":0},"end":{"line":50,"column":1}}},"s":{"0":1,"1":1,"2":1,"3":1,"4":1,"5":1,"6":1,"7":52,"8":52,"9":52,"10":52,"11":50,"12":50,"13":50,"14":50,"15":50,"16":50,"17":50,"18":50,"19":50,"20":50,"21":50,"22":50,"23":50,"24":50,"25":50,"26":50,"27":50,"28":50,"29":50,"30":50,"31":50,"32":50,"33":50,"34":50,"35":50,"36":50,"37":50,"38":50,"39":50,"40":50,"41":50,"42":50,"43":50,"44":50,"45":50,"46":52,"47":1,"48":1,"49":52},"branchMap":{"0":{"type":"branch","line":7,"loc":{"start":{"line":7,"column":7},"end":{"line":50,"column":1}},"locations":[{"start":{"line":7,"column":7},"end":{"line":50,"column":1}}]},"1":{"type":"branch","line":11,"loc":{"start":{"line":11,"column":14},"end":{"line":11,"column":26}},"locations":[{"start":{"line":11,"column":14},"end":{"line":11,"column":26}}]},"2":{"type":"branch","line":11,"loc":{"start":{"line":11,"column":21},"end":{"line":47,"column":10}},"locations":[{"start":{"line":11,"column":21},"end":{"line":47,"column":10}}]},"3":{"type":"branch","line":47,"loc":{"start":{"line":47,"column":2},"end":{"line":49,"column":3}},"locations":[{"start":{"line":47,"column":2},"end":{"line":49,"column":3}}]}},"b":{"0":[52],"1":[1],"2":[50],"3":[1]},"fnMap":{"0":{"name":"collectCanvasFingerprint","decl":{"start":{"line":7,"column":7},"end":{"line":50,"column":1}},"loc":{"start":{"line":7,"column":7},"end":{"line":50,"column":1}},"line":7}},"f":{"0":52}}
,"/Users/rory/IdeaProjects/tolo/packages/tolo-device-fingerprint/src/collectors/fonts.ts": {"path":"/Users/rory/IdeaProjects/tolo/packages/tolo-device-fingerprint/src/collectors/fonts.ts","all":false,"statementMap":{"0":{"start":{"line":1,"column":0},"end":{"line":1,"column":31}},"1":{"start":{"line":2,"column":0},"end":{"line":2,"column":0}},"2":{"start":{"line":3,"column":0},"end":{"line":3,"column":3}},"3":{"start":{"line":4,"column":0},"end":{"line":4,"column":65}},"4":{"start":{"line":5,"column":0},"end":{"line":5,"column":3}},"5":{"start":{"line":6,"column":0},"end":{"line":6,"column":58}},"6":{"start":{"line":7,"column":0},"end":{"line":7,"column":7}},"7":{"start":{"line":8,"column":0},"end":{"line":8,"column":31}},"8":{"start":{"line":9,"column":0},"end":{"line":9,"column":23}},"9":{"start":{"line":10,"column":0},"end":{"line":10,"column":14}},"10":{"start":{"line":11,"column":0},"end":{"line":11,"column":20}},"11":{"start":{"line":12,"column":0},"end":{"line":12,"column":22}},"12":{"start":{"line":13,"column":0},"end":{"line":13,"column":20}},"13":{"start":{"line":14,"column":0},"end":{"line":14,"column":16}},"14":{"start":{"line":15,"column":0},"end":{"line":15,"column":15}},"15":{"start":{"line":16,"column":0},"end":{"line":16,"column":24}},"16":{"start":{"line":17,"column":0},"end":{"line":17,"column":21}},"17":{"start":{"line":18,"column":0},"end":{"line":18,"column":16}},"18":{"start":{"line":19,"column":0},"end":{"line":19,"column":18}},"19":{"start":{"line":20,"column":0},"end":{"line":20,"column":15}},"20":{"start":{"line":21,"column":0},"end":{"line":21,"column":14}},"21":{"start":{"line":22,"column":0},"end":{"line":22,"column":17}},"22":{"start":{"line":23,"column":0},"end":{"line":23,"column":23}},"23":{"start":{"line":24,"column":0},"end":{"line":24,"column":15}},"24":{"start":{"line":25,"column":0},"end":{"line":25,"column":17}},"25":{"start":{"line":26,"column":0},"end":{"line":26,"column":23}},"26":{"start":{"line":27,"column":0},"end":{"line":27,"column":26}},"27":{"start":{"line":28,"column":0},"end":{"line":28,"column":17}},"28":{"start":{"line":29,"column":0},"end":{"line":29,"column":18}},"29":{"start":{"line":30,"column":0},"end":{"line":30,"column":19}},"30":{"start":{"line":31,"column":0},"end":{"line":31,"column":18}},"31":{"start":{"line":32,"column":0},"end":{"line":32,"column":6}},"32":{"start":{"line":33,"column":0},"end":{"line":33,"column":0}},"33":{"start":{"line":34,"column":0},"end":{"line":34,"column":59}},"34":{"start":{"line":35,"column":0},"end":{"line":35,"column":39}},"35":{"start":{"line":36,"column":0},"end":{"line":36,"column":28}},"36":{"start":{"line":37,"column":0},"end":{"line":37,"column":0}},"37":{"start":{"line":38,"column":0},"end":{"line":38,"column":52}},"38":{"start":{"line":39,"column":0},"end":{"line":39,"column":40}},"39":{"start":{"line":40,"column":0},"end":{"line":40,"column":26}},"40":{"start":{"line":41,"column":0},"end":{"line":41,"column":0}},"41":{"start":{"line":42,"column":0},"end":{"line":42,"column":41}},"42":{"start":{"line":43,"column":0},"end":{"line":43,"column":50}},"43":{"start":{"line":44,"column":0},"end":{"line":44,"column":39}},"44":{"start":{"line":45,"column":0},"end":{"line":45,"column":43}},"45":{"start":{"line":46,"column":0},"end":{"line":46,"column":63}},"46":{"start":{"line":47,"column":0},"end":{"line":47,"column":5}},"47":{"start":{"line":48,"column":0},"end":{"line":48,"column":0}},"48":{"start":{"line":49,"column":0},"end":{"line":49,"column":21}},"49":{"start":{"line":50,"column":0},"end":{"line":50,"column":39}},"50":{"start":{"line":51,"column":0},"end":{"line":51,"column":35}},"51":{"start":{"line":52,"column":0},"end":{"line":52,"column":27}},"52":{"start":{"line":53,"column":0},"end":{"line":53,"column":41}},"53":{"start":{"line":54,"column":0},"end":{"line":54,"column":56}},"54":{"start":{"line":55,"column":0},"end":{"line":55,"column":56}},"55":{"start":{"line":56,"column":0},"end":{"line":56,"column":45}},"56":{"start":{"line":57,"column":0},"end":{"line":57,"column":26}},"57":{"start":{"line":58,"column":0},"end":{"line":58,"column":16}},"58":{"start":{"line":59,"column":0},"end":{"line":59,"column":9}},"59":{"start":{"line":60,"column":0},"end":{"line":60,"column":7}},"60":{"start":{"line":61,"column":0},"end":{"line":61,"column":21}},"61":{"start":{"line":62,"column":0},"end":{"line":62,"column":33}},"62":{"start":{"line":63,"column":0},"end":{"line":63,"column":7}},"63":{"start":{"line":64,"column":0},"end":{"line":64,"column":5}},"64":{"start":{"line":65,"column":0},"end":{"line":65,"column":0}},"65":{"start":{"line":66,"column":0},"end":{"line":66,"column":41}},"66":{"start":{"line":67,"column":0},"end":{"line":67,"column":11}},"67":{"start":{"line":68,"column":0},"end":{"line":68,"column":16}},"68":{"start":{"line":69,"column":0},"end":{"line":69,"column":3}},"69":{"start":{"line":70,"column":0},"end":{"line":70,"column":1}}},"s":{"0":1,"1":1,"2":1,"3":1,"4":1,"5":1,"6":52,"7":52,"8":52,"9":52,"10":52,"11":52,"12":52,"13":52,"14":52,"15":52,"16":52,"17":52,"18":52,"19":52,"20":52,"21":52,"22":52,"23":52,"24":52,"25":52,"26":52,"27":52,"28":52,"29":52,"30":52,"31":52,"32":52,"33":52,"34":52,"35":52,"36":52,"37":52,"38":52,"39":52,"40":50,"41":50,"42":50,"43":52,"44":150,"45":150,"46":150,"47":50,"48":50,"49":50,"50":52,"51":1100,"52":1100,"53":3280,"54":3280,"55":3280,"56":10,"57":10,"58":10,"59":3280,"60":1100,"61":10,"62":10,"63":1100,"64":50,"65":50,"66":52,"67":1,"68":1,"69":52},"branchMap":{"0":{"type":"branch","line":6,"loc":{"start":{"line":6,"column":7},"end":{"line":70,"column":1}},"locations":[{"start":{"line":6,"column":7},"end":{"line":70,"column":1}}]},"1":{"type":"branch","line":40,"loc":{"start":{"line":40,"column":14},"end":{"line":40,"column":26}},"locations":[{"start":{"line":40,"column":14},"end":{"line":40,"column":26}}]},"2":{"type":"branch","line":40,"loc":{"start":{"line":40,"column":21},"end":{"line":44,"column":38}},"locations":[{"start":{"line":40,"column":21},"end":{"line":44,"column":38}}]},"3":{"type":"branch","line":44,"loc":{"start":{"line":44,"column":38},"end":{"line":47,"column":5}},"locations":[{"start":{"line":44,"column":38},"end":{"line":47,"column":5}}]},"4":{"type":"branch","line":47,"loc":{"start":{"line":47,"column":4},"end":{"line":51,"column":34}},"locations":[{"start":{"line":47,"column":4},"end":{"line":51,"column":34}}]},"5":{"type":"branch","line":51,"loc":{"start":{"line":51,"column":34},"end":{"line":64,"column":5}},"locations":[{"start":{"line":51,"column":34},"end":{"line":64,"column":5}}]},"6":{"type":"branch","line":53,"loc":{"start":{"line":53,"column":40},"end":{"line":60,"column":7}},"locations":[{"start":{"line":53,"column":40},"end":{"line":60,"column":7}}]},"7":{"type":"branch","line":56,"loc":{"start":{"line":56,"column":44},"end":{"line":59,"column":9}},"locations":[{"start":{"line":56,"column":44},"end":{"line":59,"column":9}}]},"8":{"type":"branch","line":61,"loc":{"start":{"line":61,"column":20},"end":{"line":63,"column":7}},"locations":[{"start":{"line":61,"column":20},"end":{"line":63,"column":7}}]},"9":{"type":"branch","line":64,"loc":{"start":{"line":64,"column":4},"end":{"line":67,"column":10}},"locations":[{"start":{"line":64,"column":4},"end":{"line":67,"column":10}}]},"10":{"type":"branch","line":67,"loc":{"start":{"line":67,"column":2},"end":{"line":69,"column":3}},"locations":[{"start":{"line":67,"column":2},"end":{"line":69,"column":3}}]}},"b":{"0":[52],"1":[1],"2":[50],"3":[150],"4":[50],"5":[1100],"6":[3280],"7":[10],"8":[10],"9":[50],"10":[1]},"fnMap":{"0":{"name":"collectFontsFingerprint","decl":{"start":{"line":6,"column":7},"end":{"line":70,"column":1}},"loc":{"start":{"line":6,"column":7},"end":{"line":70,"column":1}},"line":6}},"f":{"0":52}}
,"/Users/rory/IdeaProjects/tolo/packages/tolo-device-fingerprint/src/collectors/index.ts": {"path":"/Users/rory/IdeaProjects/tolo/packages/tolo-device-fingerprint/src/collectors/index.ts","all":false,"statementMap":{"0":{"start":{"line":1,"column":0},"end":{"line":1,"column":48}},"1":{"start":{"line":2,"column":0},"end":{"line":2,"column":52}},"2":{"start":{"line":3,"column":0},"end":{"line":3,"column":48}},"3":{"start":{"line":4,"column":0},"end":{"line":4,"column":52}},"4":{"start":{"line":5,"column":0},"end":{"line":5,"column":46}},"5":{"start":{"line":6,"column":0},"end":{"line":6,"column":50}},"6":{"start":{"line":7,"column":0},"end":{"line":7,"column":50}},"7":{"start":{"line":8,"column":0},"end":{"line":8,"column":50}}},"s":{"0":1,"1":1,"2":1,"3":1,"4":1,"5":1,"6":1,"7":1},"branchMap":{},"b":{},"fnMap":{},"f":{}}
,"/Users/rory/IdeaProjects/tolo/packages/tolo-device-fingerprint/src/collectors/locale.ts": {"path":"/Users/rory/IdeaProjects/tolo/packages/tolo-device-fingerprint/src/collectors/locale.ts","all":false,"statementMap":{"0":{"start":{"line":1,"column":0},"end":{"line":1,"column":3}},"1":{"start":{"line":2,"column":0},"end":{"line":2,"column":38}},"2":{"start":{"line":3,"column":0},"end":{"line":3,"column":3}},"3":{"start":{"line":4,"column":0},"end":{"line":4,"column":40}},"4":{"start":{"line":5,"column":0},"end":{"line":5,"column":10}},"5":{"start":{"line":6,"column":0},"end":{"line":6,"column":76}},"6":{"start":{"line":7,"column":0},"end":{"line":7,"column":51}},"7":{"start":{"line":8,"column":0},"end":{"line":8,"column":46}},"8":{"start":{"line":9,"column":0},"end":{"line":9,"column":71}},"9":{"start":{"line":10,"column":0},"end":{"line":10,"column":4}},"10":{"start":{"line":11,"column":0},"end":{"line":11,"column":1}}},"s":{"0":1,"1":1,"2":1,"3":1,"4":51,"5":51,"6":51,"7":51,"8":51,"9":51,"10":51},"branchMap":{"0":{"type":"branch","line":4,"loc":{"start":{"line":4,"column":7},"end":{"line":11,"column":1}},"locations":[{"start":{"line":4,"column":7},"end":{"line":11,"column":1}}]},"1":{"type":"branch","line":6,"loc":{"start":{"line":6,"column":54},"end":{"line":6,"column":76}},"locations":[{"start":{"line":6,"column":54},"end":{"line":6,"column":76}}]},"2":{"type":"branch","line":8,"loc":{"start":{"line":8,"column":24},"end":{"line":8,"column":46}},"locations":[{"start":{"line":8,"column":24},"end":{"line":8,"column":46}}]},"3":{"type":"branch","line":9,"loc":{"start":{"line":9,"column":36},"end":{"line":9,"column":69}},"locations":[{"start":{"line":9,"column":36},"end":{"line":9,"column":69}}]}},"b":{"0":[51],"1":[0],"2":[1],"3":[1]},"fnMap":{"0":{"name":"collectLocaleSignals","decl":{"start":{"line":4,"column":7},"end":{"line":11,"column":1}},"loc":{"start":{"line":4,"column":7},"end":{"line":11,"column":1}},"line":4}},"f":{"0":51}}
,"/Users/rory/IdeaProjects/tolo/packages/tolo-device-fingerprint/src/collectors/platform.ts": {"path":"/Users/rory/IdeaProjects/tolo/packages/tolo-device-fingerprint/src/collectors/platform.ts","all":false,"statementMap":{"0":{"start":{"line":1,"column":0},"end":{"line":1,"column":3}},"1":{"start":{"line":2,"column":0},"end":{"line":2,"column":39}},"2":{"start":{"line":3,"column":0},"end":{"line":3,"column":3}},"3":{"start":{"line":4,"column":0},"end":{"line":4,"column":42}},"4":{"start":{"line":5,"column":0},"end":{"line":5,"column":24}},"5":{"start":{"line":6,"column":0},"end":{"line":6,"column":0}},"6":{"start":{"line":7,"column":0},"end":{"line":7,"column":10}},"7":{"start":{"line":8,"column":0},"end":{"line":8,"column":40}},"8":{"start":{"line":9,"column":0},"end":{"line":9,"column":29}},"9":{"start":{"line":10,"column":0},"end":{"line":10,"column":29}},"10":{"start":{"line":11,"column":0},"end":{"line":11,"column":54}},"11":{"start":{"line":12,"column":0},"end":{"line":12,"column":86}},"12":{"start":{"line":13,"column":0},"end":{"line":13,"column":44}},"13":{"start":{"line":14,"column":0},"end":{"line":14,"column":38}},"14":{"start":{"line":15,"column":0},"end":{"line":15,"column":39}},"15":{"start":{"line":16,"column":0},"end":{"line":16,"column":26}},"16":{"start":{"line":17,"column":0},"end":{"line":17,"column":30}},"17":{"start":{"line":18,"column":0},"end":{"line":18,"column":4}},"18":{"start":{"line":19,"column":0},"end":{"line":19,"column":1}},"19":{"start":{"line":20,"column":0},"end":{"line":20,"column":0}},"20":{"start":{"line":21,"column":0},"end":{"line":21,"column":33}},"21":{"start":{"line":22,"column":0},"end":{"line":22,"column":31}},"22":{"start":{"line":23,"column":0},"end":{"line":23,"column":26}},"23":{"start":{"line":24,"column":0},"end":{"line":24,"column":56}},"24":{"start":{"line":25,"column":0},"end":{"line":25,"column":42}},"25":{"start":{"line":26,"column":0},"end":{"line":26,"column":19}},"26":{"start":{"line":27,"column":0},"end":{"line":27,"column":34}},"27":{"start":{"line":28,"column":0},"end":{"line":28,"column":7}},"28":{"start":{"line":29,"column":0},"end":{"line":29,"column":5}},"29":{"start":{"line":30,"column":0},"end":{"line":30,"column":3}},"30":{"start":{"line":31,"column":0},"end":{"line":31,"column":17}},"31":{"start":{"line":32,"column":0},"end":{"line":32,"column":1}},"32":{"start":{"line":33,"column":0},"end":{"line":33,"column":0}},"33":{"start":{"line":34,"column":0},"end":{"line":34,"column":35}},"34":{"start":{"line":35,"column":0},"end":{"line":35,"column":29}},"35":{"start":{"line":36,"column":0},"end":{"line":36,"column":28}},"36":{"start":{"line":37,"column":0},"end":{"line":37,"column":58}},"37":{"start":{"line":38,"column":0},"end":{"line":38,"column":42}},"38":{"start":{"line":39,"column":0},"end":{"line":39,"column":17}},"39":{"start":{"line":40,"column":0},"end":{"line":40,"column":30}},"40":{"start":{"line":41,"column":0},"end":{"line":41,"column":7}},"41":{"start":{"line":42,"column":0},"end":{"line":42,"column":5}},"42":{"start":{"line":43,"column":0},"end":{"line":43,"column":3}},"43":{"start":{"line":44,"column":0},"end":{"line":44,"column":15}},"44":{"start":{"line":45,"column":0},"end":{"line":45,"column":1}}},"s":{"0":1,"1":1,"2":1,"3":1,"4":63,"5":63,"6":63,"7":63,"8":63,"9":63,"10":63,"11":63,"12":63,"13":63,"14":63,"15":63,"16":63,"17":63,"18":63,"19":1,"20":63,"21":63,"22":63,"23":57,"24":114,"25":114,"26":114,"27":114,"28":114,"29":57,"30":63,"31":63,"32":1,"33":63,"34":63,"35":63,"36":59,"37":118,"38":118,"39":118,"40":118,"41":118,"42":59,"43":63,"44":63},"branchMap":{"0":{"type":"branch","line":4,"loc":{"start":{"line":4,"column":7},"end":{"line":19,"column":1}},"locations":[{"start":{"line":4,"column":7},"end":{"line":19,"column":1}}]},"1":{"type":"branch","line":8,"loc":{"start":{"line":8,"column":18},"end":{"line":8,"column":40}},"locations":[{"start":{"line":8,"column":18},"end":{"line":8,"column":40}}]},"2":{"type":"branch","line":10,"loc":{"start":{"line":10,"column":16},"end":{"line":10,"column":29}},"locations":[{"start":{"line":10,"column":16},"end":{"line":10,"column":29}}]},"3":{"type":"branch","line":11,"loc":{"start":{"line":11,"column":29},"end":{"line":11,"column":54}},"locations":[{"start":{"line":11,"column":29},"end":{"line":11,"column":54}}]},"4":{"type":"branch","line":12,"loc":{"start":{"line":12,"column":65},"end":{"line":12,"column":86}},"locations":[{"start":{"line":12,"column":65},"end":{"line":12,"column":86}}]},"5":{"type":"branch","line":13,"loc":{"start":{"line":13,"column":24},"end":{"line":13,"column":44}},"locations":[{"start":{"line":13,"column":24},"end":{"line":13,"column":44}}]},"6":{"type":"branch","line":15,"loc":{"start":{"line":15,"column":20},"end":{"line":15,"column":39}},"locations":[{"start":{"line":15,"column":20},"end":{"line":15,"column":39}}]},"7":{"type":"branch","line":21,"loc":{"start":{"line":21,"column":0},"end":{"line":32,"column":1}},"locations":[{"start":{"line":21,"column":0},"end":{"line":32,"column":1}}]},"8":{"type":"branch","line":23,"loc":{"start":{"line":23,"column":25},"end":{"line":30,"column":3}},"locations":[{"start":{"line":23,"column":25},"end":{"line":30,"column":3}}]},"9":{"type":"branch","line":24,"loc":{"start":{"line":24,"column":55},"end":{"line":29,"column":5}},"locations":[{"start":{"line":24,"column":55},"end":{"line":29,"column":5}}]},"10":{"type":"branch","line":34,"loc":{"start":{"line":34,"column":0},"end":{"line":45,"column":1}},"locations":[{"start":{"line":34,"column":0},"end":{"line":45,"column":1}}]},"11":{"type":"branch","line":36,"loc":{"start":{"line":36,"column":27},"end":{"line":43,"column":3}},"locations":[{"start":{"line":36,"column":27},"end":{"line":43,"column":3}}]},"12":{"type":"branch","line":37,"loc":{"start":{"line":37,"column":57},"end":{"line":42,"column":5}},"locations":[{"start":{"line":37,"column":57},"end":{"line":42,"column":5}}]}},"b":{"0":[63],"1":[1],"2":[1],"3":[1],"4":[1],"5":[61],"6":[1],"7":[63],"8":[57],"9":[114],"10":[63],"11":[59],"12":[118]},"fnMap":{"0":{"name":"collectPlatformSignals","decl":{"start":{"line":4,"column":7},"end":{"line":19,"column":1}},"loc":{"start":{"line":4,"column":7},"end":{"line":19,"column":1}},"line":4},"1":{"name":"getPlugins","decl":{"start":{"line":21,"column":0},"end":{"line":32,"column":1}},"loc":{"start":{"line":21,"column":0},"end":{"line":32,"column":1}},"line":21},"2":{"name":"getMimeTypes","decl":{"start":{"line":34,"column":0},"end":{"line":45,"column":1}},"loc":{"start":{"line":34,"column":0},"end":{"line":45,"column":1}},"line":34}},"f":{"0":63,"1":63,"2":63}}
,"/Users/rory/IdeaProjects/tolo/packages/tolo-device-fingerprint/src/collectors/screen.ts": {"path":"/Users/rory/IdeaProjects/tolo/packages/tolo-device-fingerprint/src/collectors/screen.ts","all":false,"statementMap":{"0":{"start":{"line":1,"column":0},"end":{"line":1,"column":3}},"1":{"start":{"line":2,"column":0},"end":{"line":2,"column":37}},"2":{"start":{"line":3,"column":0},"end":{"line":3,"column":3}},"3":{"start":{"line":4,"column":0},"end":{"line":4,"column":40}},"4":{"start":{"line":5,"column":0},"end":{"line":5,"column":10}},"5":{"start":{"line":6,"column":0},"end":{"line":6,"column":57}},"6":{"start":{"line":7,"column":0},"end":{"line":7,"column":34}},"7":{"start":{"line":8,"column":0},"end":{"line":8,"column":45}},"8":{"start":{"line":9,"column":0},"end":{"line":9,"column":4}},"9":{"start":{"line":10,"column":0},"end":{"line":10,"column":1}}},"s":{"0":1,"1":1,"2":1,"3":1,"4":50,"5":50,"6":50,"7":50,"8":50,"9":50},"branchMap":{"0":{"type":"branch","line":4,"loc":{"start":{"line":4,"column":7},"end":{"line":10,"column":1}},"locations":[{"start":{"line":4,"column":7},"end":{"line":10,"column":1}}]},"1":{"type":"branch","line":8,"loc":{"start":{"line":8,"column":23},"end":{"line":8,"column":45}},"locations":[{"start":{"line":8,"column":23},"end":{"line":8,"column":45}}]}},"b":{"0":[50],"1":[1]},"fnMap":{"0":{"name":"collectScreenSignals","decl":{"start":{"line":4,"column":7},"end":{"line":10,"column":1}},"loc":{"start":{"line":4,"column":7},"end":{"line":10,"column":1}},"line":4}},"f":{"0":50}}
,"/Users/rory/IdeaProjects/tolo/packages/tolo-device-fingerprint/src/collectors/storage.ts": {"path":"/Users/rory/IdeaProjects/tolo/packages/tolo-device-fingerprint/src/collectors/storage.ts","all":false,"statementMap":{"0":{"start":{"line":1,"column":0},"end":{"line":1,"column":3}},"1":{"start":{"line":2,"column":0},"end":{"line":2,"column":32}},"2":{"start":{"line":3,"column":0},"end":{"line":3,"column":3}},"3":{"start":{"line":4,"column":0},"end":{"line":4,"column":41}},"4":{"start":{"line":5,"column":0},"end":{"line":5,"column":10}},"5":{"start":{"line":6,"column":0},"end":{"line":6,"column":40}},"6":{"start":{"line":7,"column":0},"end":{"line":7,"column":36}},"7":{"start":{"line":8,"column":0},"end":{"line":8,"column":30}},"8":{"start":{"line":9,"column":0},"end":{"line":9,"column":4}},"9":{"start":{"line":10,"column":0},"end":{"line":10,"column":1}},"10":{"start":{"line":11,"column":0},"end":{"line":11,"column":0}},"11":{"start":{"line":12,"column":0},"end":{"line":12,"column":39}},"12":{"start":{"line":13,"column":0},"end":{"line":13,"column":7}},"13":{"start":{"line":14,"column":0},"end":{"line":14,"column":32}},"14":{"start":{"line":15,"column":0},"end":{"line":15,"column":37}},"15":{"start":{"line":16,"column":0},"end":{"line":16,"column":35}},"16":{"start":{"line":17,"column":0},"end":{"line":17,"column":16}},"17":{"start":{"line":18,"column":0},"end":{"line":18,"column":11}},"18":{"start":{"line":19,"column":0},"end":{"line":19,"column":17}},"19":{"start":{"line":20,"column":0},"end":{"line":20,"column":3}},"20":{"start":{"line":21,"column":0},"end":{"line":21,"column":1}},"21":{"start":{"line":22,"column":0},"end":{"line":22,"column":0}},"22":{"start":{"line":23,"column":0},"end":{"line":23,"column":37}},"23":{"start":{"line":24,"column":0},"end":{"line":24,"column":7}},"24":{"start":{"line":25,"column":0},"end":{"line":25,"column":32}},"25":{"start":{"line":26,"column":0},"end":{"line":26,"column":35}},"26":{"start":{"line":27,"column":0},"end":{"line":27,"column":33}},"27":{"start":{"line":28,"column":0},"end":{"line":28,"column":16}},"28":{"start":{"line":29,"column":0},"end":{"line":29,"column":11}},"29":{"start":{"line":30,"column":0},"end":{"line":30,"column":17}},"30":{"start":{"line":31,"column":0},"end":{"line":31,"column":3}},"31":{"start":{"line":32,"column":0},"end":{"line":32,"column":1}},"32":{"start":{"line":33,"column":0},"end":{"line":33,"column":0}},"33":{"start":{"line":34,"column":0},"end":{"line":34,"column":34}},"34":{"start":{"line":35,"column":0},"end":{"line":35,"column":7}},"35":{"start":{"line":36,"column":0},"end":{"line":36,"column":30}},"36":{"start":{"line":37,"column":0},"end":{"line":37,"column":11}},"37":{"start":{"line":38,"column":0},"end":{"line":38,"column":17}},"38":{"start":{"line":39,"column":0},"end":{"line":39,"column":3}},"39":{"start":{"line":40,"column":0},"end":{"line":40,"column":1}}},"s":{"0":1,"1":1,"2":1,"3":1,"4":52,"5":52,"6":52,"7":52,"8":52,"9":52,"10":1,"11":52,"12":52,"13":52,"14":52,"15":52,"16":52,"17":52,"18":12,"19":12,"20":52,"21":1,"22":52,"23":52,"24":52,"25":52,"26":52,"27":52,"28":52,"29":12,"30":12,"31":52,"32":1,"33":52,"34":52,"35":52,"36":52,"37":1,"38":1,"39":52},"branchMap":{"0":{"type":"branch","line":4,"loc":{"start":{"line":4,"column":7},"end":{"line":10,"column":1}},"locations":[{"start":{"line":4,"column":7},"end":{"line":10,"column":1}}]},"1":{"type":"branch","line":12,"loc":{"start":{"line":12,"column":0},"end":{"line":21,"column":1}},"locations":[{"start":{"line":12,"column":0},"end":{"line":21,"column":1}}]},"2":{"type":"branch","line":18,"loc":{"start":{"line":18,"column":2},"end":{"line":20,"column":3}},"locations":[{"start":{"line":18,"column":2},"end":{"line":20,"column":3}}]},"3":{"type":"branch","line":23,"loc":{"start":{"line":23,"column":0},"end":{"line":32,"column":1}},"locations":[{"start":{"line":23,"column":0},"end":{"line":32,"column":1}}]},"4":{"type":"branch","line":29,"loc":{"start":{"line":29,"column":2},"end":{"line":31,"column":3}},"locations":[{"start":{"line":29,"column":2},"end":{"line":31,"column":3}}]},"5":{"type":"branch","line":34,"loc":{"start":{"line":34,"column":0},"end":{"line":40,"column":1}},"locations":[{"start":{"line":34,"column":0},"end":{"line":40,"column":1}}]},"6":{"type":"branch","line":37,"loc":{"start":{"line":37,"column":2},"end":{"line":39,"column":3}},"locations":[{"start":{"line":37,"column":2},"end":{"line":39,"column":3}}]}},"b":{"0":[52],"1":[52],"2":[12],"3":[52],"4":[12],"5":[52],"6":[1]},"fnMap":{"0":{"name":"collectStorageSignals","decl":{"start":{"line":4,"column":7},"end":{"line":10,"column":1}},"loc":{"start":{"line":4,"column":7},"end":{"line":10,"column":1}},"line":4},"1":{"name":"hasSessionStorage","decl":{"start":{"line":12,"column":0},"end":{"line":21,"column":1}},"loc":{"start":{"line":12,"column":0},"end":{"line":21,"column":1}},"line":12},"2":{"name":"hasLocalStorage","decl":{"start":{"line":23,"column":0},"end":{"line":32,"column":1}},"loc":{"start":{"line":23,"column":0},"end":{"line":32,"column":1}},"line":23},"3":{"name":"hasIndexedDB","decl":{"start":{"line":34,"column":0},"end":{"line":40,"column":1}},"loc":{"start":{"line":34,"column":0},"end":{"line":40,"column":1}},"line":34}},"f":{"0":52,"1":52,"2":52,"3":52}}
,"/Users/rory/IdeaProjects/tolo/packages/tolo-device-fingerprint/src/collectors/webgl.ts": {"path":"/Users/rory/IdeaProjects/tolo/packages/tolo-device-fingerprint/src/collectors/webgl.ts","all":false,"statementMap":{"0":{"start":{"line":1,"column":0},"end":{"line":1,"column":3}},"1":{"start":{"line":2,"column":0},"end":{"line":2,"column":36}},"2":{"start":{"line":3,"column":0},"end":{"line":3,"column":3}},"3":{"start":{"line":4,"column":0},"end":{"line":4,"column":91}},"4":{"start":{"line":5,"column":0},"end":{"line":5,"column":7}},"5":{"start":{"line":6,"column":0},"end":{"line":6,"column":52}},"6":{"start":{"line":7,"column":0},"end":{"line":7,"column":85}},"7":{"start":{"line":8,"column":0},"end":{"line":8,"column":0}},"8":{"start":{"line":9,"column":0},"end":{"line":9,"column":14}},"9":{"start":{"line":10,"column":0},"end":{"line":10,"column":46}},"10":{"start":{"line":11,"column":0},"end":{"line":11,"column":5}},"11":{"start":{"line":12,"column":0},"end":{"line":12,"column":0}},"12":{"start":{"line":13,"column":0},"end":{"line":13,"column":46}},"13":{"start":{"line":14,"column":0},"end":{"line":14,"column":70}},"14":{"start":{"line":15,"column":0},"end":{"line":15,"column":0}},"15":{"start":{"line":16,"column":0},"end":{"line":16,"column":21}},"16":{"start":{"line":17,"column":0},"end":{"line":17,"column":14}},"17":{"start":{"line":18,"column":0},"end":{"line":18,"column":49}},"18":{"start":{"line":19,"column":0},"end":{"line":19,"column":53}},"19":{"start":{"line":20,"column":0},"end":{"line":20,"column":8}},"20":{"start":{"line":21,"column":0},"end":{"line":21,"column":5}},"21":{"start":{"line":22,"column":0},"end":{"line":22,"column":0}},"22":{"start":{"line":23,"column":0},"end":{"line":23,"column":12}},"23":{"start":{"line":24,"column":0},"end":{"line":24,"column":66}},"24":{"start":{"line":25,"column":0},"end":{"line":25,"column":70}},"25":{"start":{"line":26,"column":0},"end":{"line":26,"column":6}},"26":{"start":{"line":27,"column":0},"end":{"line":27,"column":11}},"27":{"start":{"line":28,"column":0},"end":{"line":28,"column":44}},"28":{"start":{"line":29,"column":0},"end":{"line":29,"column":3}},"29":{"start":{"line":30,"column":0},"end":{"line":30,"column":1}}},"s":{"0":1,"1":1,"2":1,"3":1,"4":46,"5":46,"6":46,"7":46,"8":46,"9":2,"10":2,"11":43,"12":43,"13":43,"14":43,"15":46,"16":1,"17":1,"18":1,"19":1,"20":1,"21":42,"22":42,"23":42,"24":42,"25":42,"26":46,"27":1,"28":1,"29":46},"branchMap":{"0":{"type":"branch","line":4,"loc":{"start":{"line":4,"column":7},"end":{"line":30,"column":1}},"locations":[{"start":{"line":4,"column":7},"end":{"line":30,"column":1}}]},"1":{"type":"branch","line":7,"loc":{"start":{"line":7,"column":40},"end":{"line":7,"column":85}},"locations":[{"start":{"line":7,"column":40},"end":{"line":7,"column":85}}]},"2":{"type":"branch","line":9,"loc":{"start":{"line":9,"column":13},"end":{"line":11,"column":5}},"locations":[{"start":{"line":9,"column":13},"end":{"line":11,"column":5}}]},"3":{"type":"branch","line":11,"loc":{"start":{"line":11,"column":4},"end":{"line":16,"column":20}},"locations":[{"start":{"line":11,"column":4},"end":{"line":16,"column":20}}]},"4":{"type":"branch","line":16,"loc":{"start":{"line":16,"column":20},"end":{"line":21,"column":5}},"locations":[{"start":{"line":16,"column":20},"end":{"line":21,"column":5}}]},"5":{"type":"branch","line":21,"loc":{"start":{"line":21,"column":4},"end":{"line":27,"column":10}},"locations":[{"start":{"line":21,"column":4},"end":{"line":27,"column":10}}]},"6":{"type":"branch","line":27,"loc":{"start":{"line":27,"column":2},"end":{"line":29,"column":3}},"locations":[{"start":{"line":27,"column":2},"end":{"line":29,"column":3}}]}},"b":{"0":[46],"1":[3],"2":[2],"3":[43],"4":[1],"5":[42],"6":[1]},"fnMap":{"0":{"name":"collectWebGLSignals","decl":{"start":{"line":4,"column":7},"end":{"line":30,"column":1}},"loc":{"start":{"line":4,"column":7},"end":{"line":30,"column":1}},"line":4}},"f":{"0":46}}
}
